<?xml version="1.0" encoding="UTF-8"?>
<testng-results ignored="0" total="1" passed="1" failed="0" skipped="0">
  <reporter-output>
  </reporter-output>
  <suite started-at="2023-09-14T10:41:37 BST" name="Default suite" finished-at="2023-09-14T10:41:37 BST" duration-ms="94">
    <groups>
    </groups>
    <test started-at="2023-09-14T10:41:37 BST" name="Default test" finished-at="2023-09-14T10:41:37 BST" duration-ms="94">
      <class name="Selenium2.NewTest">
        <test-method signature="f1()[pri:0, instance:Selenium2.NewTest@55a147cc]" started-at="2023-09-14T10:41:37 BST" name="f1" finished-at="2023-09-14T10:41:37 BST" duration-ms="14" status="PASS">
          <reporter-output>
          </reporter-output>
        </test-method> <!-- f1 -->
      </class> <!-- Selenium2.NewTest -->
    </test> <!-- Default test -->
  </suite> <!-- Default suite -->
</testng-results>
